<?xml version="1.0" encoding="UTF-8"?>
<!-- Generated by org.testng.reporters.JUnitReportReporter -->
<testsuite hostname="Odin" failures="0" tests="1" name="com.bookstore.PreRequsite.Authentication" time="2.424" errors="0" timestamp="2025-04-10T14:56:36 IST" skipped="0">
  <testcase classname="com.bookstore.PreRequsite.Authentication" name="testUserSignup" time="2.424"/>
  <system-out/>
</testsuite> <!-- com.bookstore.PreRequsite.Authentication -->
