<?xml version="1.0" encoding="UTF-8"?>
<!-- Generated by org.testng.reporters.JUnitReportReporter -->
<testsuite hostname="Odin" failures="0" tests="1" name="com.bookstore.restAssured.BookTestCase" time="1.975" errors="0" timestamp="2025-04-10T14:02:55 IST" skipped="0">
  <testcase classname="com.bookstore.restAssured.BookTestCase" name="getAllBooks" time="1.975"/>
  <system-out/>
</testsuite> <!-- com.bookstore.restAssured.BookTestCase -->
